0 info it worked if it ends with ok
1 verbose cli [ '/Users/briznad/bin/node',
1 verbose cli   '/Users/briznad/bin/npm',
1 verbose cli   'install' ]
2 info using npm@1.2.17
3 info using node@v0.10.3
4 verbose read json /Users/briznad/Documents/WebDev/personal/bmdotcom/package.json
5 warn package.json bmdotcom@1.0.0 No README.md file found!
6 verbose readDependencies using package.json deps
7 verbose install where, deps [ '/Users/briznad/Documents/WebDev/personal/bmdotcom',
7 verbose install   [ 'underscore', 'browserify' ] ]
8 verbose from cache /Users/briznad/Documents/WebDev/personal/bmdotcom/package.json
9 info preinstall bmdotcom@1.0.0
10 verbose read json /Users/briznad/Documents/WebDev/personal/bmdotcom/node_modules/browserify/package.json
11 verbose read json /Users/briznad/Documents/WebDev/personal/bmdotcom/node_modules/underscore/package.json
12 verbose from cache /Users/briznad/Documents/WebDev/personal/bmdotcom/package.json
13 verbose readDependencies using package.json deps
14 verbose from cache /Users/briznad/Documents/WebDev/personal/bmdotcom/node_modules/browserify/package.json
15 verbose from cache /Users/briznad/Documents/WebDev/personal/bmdotcom/node_modules/underscore/package.json
16 verbose cache add [ 'underscore@^1.8.3', null ]
17 verbose cache add name=undefined spec="underscore@^1.8.3" args=["underscore@^1.8.3",null]
18 verbose parsed url { protocol: null,
18 verbose parsed url   slashes: null,
18 verbose parsed url   auth: null,
18 verbose parsed url   host: null,
18 verbose parsed url   port: null,
18 verbose parsed url   hostname: null,
18 verbose parsed url   hash: null,
18 verbose parsed url   search: null,
18 verbose parsed url   query: null,
18 verbose parsed url   pathname: 'underscore@^1.8.3',
18 verbose parsed url   path: 'underscore@^1.8.3',
18 verbose parsed url   href: 'underscore@^1.8.3' }
19 verbose cache add name="underscore" spec="^1.8.3" args=["underscore","^1.8.3"]
20 verbose parsed url { protocol: null,
20 verbose parsed url   slashes: null,
20 verbose parsed url   auth: null,
20 verbose parsed url   host: null,
20 verbose parsed url   port: null,
20 verbose parsed url   hostname: null,
20 verbose parsed url   hash: null,
20 verbose parsed url   search: null,
20 verbose parsed url   query: null,
20 verbose parsed url   pathname: '^1.8.3',
20 verbose parsed url   path: '^1.8.3',
20 verbose parsed url   href: '^1.8.3' }
21 verbose addNamed [ 'underscore', '^1.8.3' ]
22 verbose addNamed [ null, null ]
23 verbose cache add [ 'browserify@^10.2.1', null ]
24 verbose cache add name=undefined spec="browserify@^10.2.1" args=["browserify@^10.2.1",null]
25 verbose parsed url { protocol: null,
25 verbose parsed url   slashes: null,
25 verbose parsed url   auth: null,
25 verbose parsed url   host: null,
25 verbose parsed url   port: null,
25 verbose parsed url   hostname: null,
25 verbose parsed url   hash: null,
25 verbose parsed url   search: null,
25 verbose parsed url   query: null,
25 verbose parsed url   pathname: 'browserify@^10.2.1',
25 verbose parsed url   path: 'browserify@^10.2.1',
25 verbose parsed url   href: 'browserify@^10.2.1' }
26 verbose cache add name="browserify" spec="^10.2.1" args=["browserify","^10.2.1"]
27 verbose parsed url { protocol: null,
27 verbose parsed url   slashes: null,
27 verbose parsed url   auth: null,
27 verbose parsed url   host: null,
27 verbose parsed url   port: null,
27 verbose parsed url   hostname: null,
27 verbose parsed url   hash: null,
27 verbose parsed url   search: null,
27 verbose parsed url   query: null,
27 verbose parsed url   pathname: '^10.2.1',
27 verbose parsed url   path: '^10.2.1',
27 verbose parsed url   href: '^10.2.1' }
28 verbose addNamed [ 'browserify', '^10.2.1' ]
29 verbose addNamed [ null, null ]
30 silly lockFile 763d0bdd-underscore-1-8-3 underscore@^1.8.3
31 verbose lock underscore@^1.8.3 /Users/briznad/.npm/763d0bdd-underscore-1-8-3.lock
32 silly lockFile ad8c750e-browserify-10-2-1 browserify@^10.2.1
33 verbose lock browserify@^10.2.1 /Users/briznad/.npm/ad8c750e-browserify-10-2-1.lock
34 info addNameTag [ 'browserify', '^10.2.1' ]
35 info addNameTag [ 'underscore', '^1.8.3' ]
36 verbose url raw browserify
37 verbose url resolving [ 'https://registry.npmjs.org/', './browserify' ]
38 verbose url resolved https://registry.npmjs.org/browserify
39 info trying registry request attempt 1 at 13:42:59
40 http GET https://registry.npmjs.org/browserify
41 verbose url raw underscore
42 verbose url resolving [ 'https://registry.npmjs.org/', './underscore' ]
43 verbose url resolved https://registry.npmjs.org/underscore
44 info trying registry request attempt 1 at 13:42:59
45 verbose etag "8WM815PN118M48JVZFAURFTAP"
46 http GET https://registry.npmjs.org/underscore
47 http 200 https://registry.npmjs.org/underscore
48 silly registry.get cb [ 200,
48 silly registry.get   { server: 'CouchDB/1.5.0 (Erlang OTP/R16B03)',
48 silly registry.get     etag: '"8N5IQU2HZ395WKYNUP9MW64HM"',
48 silly registry.get     'content-type': 'application/json',
48 silly registry.get     'cache-control': 'max-age=60',
48 silly registry.get     'content-length': '40667',
48 silly registry.get     'accept-ranges': 'bytes',
48 silly registry.get     date: 'Thu, 28 May 2015 17:42:59 GMT',
48 silly registry.get     via: '1.1 varnish',
48 silly registry.get     age: '40',
48 silly registry.get     connection: 'keep-alive',
48 silly registry.get     'x-served-by': 'cache-atl6230-ATL',
48 silly registry.get     'x-cache': 'HIT',
48 silly registry.get     'x-cache-hits': '5',
48 silly registry.get     'x-timer': 'S1432834979.369552,VS0,VE0',
48 silly registry.get     vary: 'Accept' } ]
49 silly lockFile 763d0bdd-underscore-1-8-3 underscore@^1.8.3
50 silly lockFile 763d0bdd-underscore-1-8-3 underscore@^1.8.3
51 error Error: No compatible version found: underscore@'^1.8.3'
51 error Valid install targets:
51 error ["1.0.3","1.0.4","1.1.0","1.1.1","1.1.2","1.1.3","1.1.4","1.1.5","1.1.6","1.1.7","1.2.0","1.2.1","1.2.2","1.2.3","1.2.4","1.3.0","1.3.1","1.3.2","1.3.3","1.4.0","1.4.1","1.4.2","1.4.3","1.4.4","1.5.0","1.5.1","1.5.2","1.6.0","1.7.0","1.8.0","1.8.1","1.8.2","1.8.3"]
51 error     at installTargetsError (/Users/briznad/lib/node_modules/npm/lib/cache.js:685:10)
51 error     at /Users/briznad/lib/node_modules/npm/lib/cache.js:607:10
51 error     at saved (/Users/briznad/lib/node_modules/npm/node_modules/npm-registry-client/lib/get.js:138:7)
51 error     at Object.oncomplete (fs.js:107:15)
52 error If you need help, you may report this log at:
52 error     <http://github.com/isaacs/npm/issues>
52 error or email it to:
52 error     <npm-@googlegroups.com>
53 error System Darwin 14.3.0
54 error command "/Users/briznad/bin/node" "/Users/briznad/bin/npm" "install"
55 error cwd /Users/briznad/Documents/WebDev/personal/bmdotcom
56 error node -v v0.10.3
57 error npm -v 1.2.17
58 verbose exit [ 1, true ]
